<?xml version="1.0" encoding="UTF-8"?>
<testsuite name="com.gildedrose.GildedRoseTest" tests="1" skipped="0" failures="0" errors="0" timestamp="2020-11-11T19:47:31" hostname="DESKTOP-1SPHOU6" time="0.079">
  <properties/>
  <testcase name="foo()" classname="com.gildedrose.GildedRoseTest" time="0.079"/>
  <system-out><![CDATA[name, sellIn, quality
+5 Dexterity Vest, 9, 19
Aged Brie, 1, 1
Elixir of the Mongoose, 4, 6
Sulfuras, Hand of Ragnaros, 0, 80
Sulfuras, Hand of Ragnaros, -1, 80
Backstage passes to a TAFKAL80ETC concert, 14, 21
Backstage passes to a TAFKAL80ETC concert, 9, 50
Backstage passes to a TAFKAL80ETC concert, 4, 50
Conjured Mana Cake, 2, 5
Conjured Mana Cake, -4, 78
Aged Brie, -4, -78
Backstage passes to a TAFKAL80ETC concert, -4, 0
]]></system-out>
  <system-err><![CDATA[]]></system-err>
</testsuite>
